2025-06-17 12:15:28,386 INFO o.h.v.i.u.Version [background-preinit] HV000001: Hibernate Validator 8.0.2.Final
2025-06-17 12:15:28,407 INFO o.s.b.StartupInfoLogger [restartedMain] Starting HomeServicesApplication using Java 17.0.1 with PID 134161 (/Userdisk/personal_git/HOME_SERVICES/HomeServices/target/classes started by karunkumar in /Userdisk/personal_git/HOME_SERVICES/HomeServices)
2025-06-17 12:15:28,407 INFO o.s.b.SpringApplication [restartedMain] The following 1 profile is active: "dev"
2025-06-17 12:15:28,428 INFO o.s.b.l.DeferredLog [restartedMain] Devtools property defaults active! Set 'spring.devtools.add-properties' to 'false' to disable
2025-06-17 12:15:28,429 INFO o.s.b.l.DeferredLog [restartedMain] For additional web related logging consider setting the 'logging.level.web' property to 'DEBUG'
2025-06-17 12:15:28,968 INFO o.s.d.r.c.RepositoryConfigurationDelegate [restartedMain] Bootstrapping Spring Data JPA repositories in DEFAULT mode.
2025-06-17 12:15:29,013 INFO o.s.d.r.c.RepositoryConfigurationDelegate [restartedMain] Finished Spring Data repository scanning in 39 ms. Found 7 JPA repository interfaces.
2025-06-17 12:15:29,402 INFO o.s.b.w.e.t.TomcatWebServer [restartedMain] Tomcat initialized with port 8080 (http)
2025-06-17 12:15:29,410 INFO o.a.j.l.DirectJDKLog [restartedMain] Initializing ProtocolHandler ["http-nio-8080"]
2025-06-17 12:15:29,411 INFO o.a.j.l.DirectJDKLog [restartedMain] Starting service [Tomcat]
2025-06-17 12:15:29,412 INFO o.a.j.l.DirectJDKLog [restartedMain] Starting Servlet engine: [Apache Tomcat/10.1.40]
2025-06-17 12:15:29,445 INFO o.a.j.l.DirectJDKLog [restartedMain] Initializing Spring embedded WebApplicationContext
2025-06-17 12:15:29,445 INFO o.s.b.w.s.c.ServletWebServerApplicationContext [restartedMain] Root WebApplicationContext: initialization completed in 1016 ms
2025-06-17 12:15:29,530 INFO o.h.j.i.u.LogHelper [restartedMain] HHH000204: Processing PersistenceUnitInfo [name: default]
2025-06-17 12:15:29,568 INFO o.h.Version [restartedMain] HHH000412: Hibernate ORM core version 6.6.13.Final
2025-06-17 12:15:29,584 INFO o.h.c.i.RegionFactoryInitiator [restartedMain] HHH000026: Second-level cache disabled
2025-06-17 12:15:29,716 INFO o.s.o.j.p.SpringPersistenceUnitInfo [restartedMain] No LoadTimeWeaver setup: ignoring JPA class transformer
2025-06-17 12:15:29,730 INFO c.z.h.HikariDataSource [restartedMain] HikariPool-1 - Starting...
2025-06-17 12:15:29,851 INFO c.z.h.p.HikariPool [restartedMain] HikariPool-1 - Added connection conn0: url=jdbc:h2:file:/Userdisk/personal_git/HOME_SERVICES/HomeServices/src/main/resources/homeservices_db user=ROOT
2025-06-17 12:15:29,852 INFO c.z.h.HikariDataSource [restartedMain] HikariPool-1 - Start completed.
2025-06-17 12:15:29,865 WARN o.h.e.j.d.i.DialectFactoryImpl [restartedMain] HHH90000025: H2Dialect does not need to be specified explicitly using 'hibernate.dialect' (remove the property setting and it will be selected by default)
2025-06-17 12:15:29,879 INFO o.h.e.j.e.i.JdbcEnvironmentInitiator [restartedMain] HHH10001005: Database info:
	Database JDBC URL [Connecting through datasource 'HikariDataSource (HikariPool-1)']
	Database driver: undefined/unknown
	Database version: 2.3.232
	Autocommit mode: undefined/unknown
	Isolation level: undefined/unknown
	Minimum pool size: undefined/unknown
	Maximum pool size: undefined/unknown
2025-06-17 12:15:30,519 INFO o.h.e.t.j.p.i.JtaPlatformInitiator [restartedMain] HHH000489: No JTA platform available (set 'hibernate.transaction.jta.platform' to enable JTA platform integration)
2025-06-17 12:15:30,543 INFO o.s.o.j.AbstractEntityManagerFactoryBean [restartedMain] Initialized JPA EntityManagerFactory for persistence unit 'default'
2025-06-17 12:15:30,775 INFO o.s.d.j.r.q.QueryEnhancerFactory [restartedMain] Hibernate is in classpath; If applicable, HQL parser will be used.
2025-06-17 12:15:31,073 INFO o.s.s.c.a.a.c.InitializeAuthenticationProviderBeanManagerConfigurer$InitializeAuthenticationProviderManagerConfigurer [restartedMain] Global AuthenticationManager configured with AuthenticationProvider bean with name authenticationProvider
2025-06-17 12:15:31,074 WARN o.s.s.c.a.a.c.InitializeUserDetailsBeanManagerConfigurer$InitializeUserDetailsManagerConfigurer [restartedMain] Global AuthenticationManager configured with an AuthenticationProvider bean. UserDetailsService beans will not be used by Spring Security for automatically configuring username/password login. Consider removing the AuthenticationProvider bean. Alternatively, consider using the UserDetailsService in a manually instantiated DaoAuthenticationProvider. If the current configuration is intentional, to turn off this warning, increase the logging level of 'org.springframework.security.config.annotation.authentication.configuration.InitializeUserDetailsBeanManagerConfigurer' to ERROR
2025-06-17 12:15:31,192 WARN o.s.b.a.o.j.JpaBaseConfiguration$JpaWebConfiguration [restartedMain] spring.jpa.open-in-view is enabled by default. Therefore, database queries may be performed during view rendering. Explicitly configure spring.jpa.open-in-view to disable this warning
2025-06-17 12:15:31,604 INFO o.s.b.a.h.H2ConsoleAutoConfiguration$H2ConsoleLogger [restartedMain] H2 console available at '/h2-console'. Database available at 'jdbc:h2:file:/Userdisk/personal_git/HOME_SERVICES/HomeServices/src/main/resources/homeservices_db'
2025-06-17 12:15:31,633 WARN o.s.s.c.a.w.b.WebSecurity [restartedMain] You are asking Spring Security to ignore Ant [pattern='/h2-console/**']. This is not recommended -- please use permitAll via HttpSecurity#authorizeHttpRequests instead.
2025-06-17 12:15:31,664 INFO o.s.b.d.a.OptionalLiveReloadServer [restartedMain] LiveReload server is running on port 35729
2025-06-17 12:15:31,681 INFO o.a.j.l.DirectJDKLog [restartedMain] Starting ProtocolHandler ["http-nio-8080"]
2025-06-17 12:15:31,690 INFO o.s.b.w.e.t.TomcatWebServer [restartedMain] Tomcat started on port 8080 (http) with context path '/'
2025-06-17 12:15:31,696 INFO o.s.b.StartupInfoLogger [restartedMain] Started HomeServicesApplication in 3.572 seconds (process running for 3.893)
2025-06-17 12:16:27,212 INFO o.s.b.d.a.LocalDevToolsAutoConfiguration$RestartingClassPathChangeChangedEventListener [File Watcher] Restarting due to 1 class path change (0 additions, 0 deletions, 1 modification)
2025-06-17 12:16:27,218 INFO o.s.b.w.e.t.GracefulShutdown [Thread-6] Commencing graceful shutdown. Waiting for active requests to complete
2025-06-17 12:16:27,220 INFO o.a.j.l.DirectJDKLog [tomcat-shutdown] Pausing ProtocolHandler ["http-nio-8080"]
2025-06-17 12:16:27,227 INFO o.s.b.w.e.t.GracefulShutdown [tomcat-shutdown] Graceful shutdown complete
2025-06-17 12:16:27,228 INFO o.a.j.l.DirectJDKLog [Thread-6] Stopping ProtocolHandler ["http-nio-8080"]
2025-06-17 12:16:27,238 INFO o.s.o.j.AbstractEntityManagerFactoryBean [Thread-6] Closing JPA EntityManagerFactory for persistence unit 'default'
2025-06-17 12:16:27,242 INFO c.z.h.HikariDataSource [Thread-6] HikariPool-1 - Shutdown initiated...
2025-06-17 12:16:27,458 INFO c.z.h.HikariDataSource [Thread-6] HikariPool-1 - Shutdown completed.
2025-06-17 12:16:27,579 INFO o.s.b.StartupInfoLogger [restartedMain] Starting HomeServicesApplication using Java 17.0.1 with PID 134161 (/Userdisk/personal_git/HOME_SERVICES/HomeServices/target/classes started by karunkumar in /Userdisk/personal_git/HOME_SERVICES/HomeServices)
2025-06-17 12:16:27,579 INFO o.s.b.SpringApplication [restartedMain] The following 1 profile is active: "dev"
2025-06-17 12:16:27,679 INFO o.s.d.r.c.RepositoryConfigurationDelegate [restartedMain] Bootstrapping Spring Data JPA repositories in DEFAULT mode.
2025-06-17 12:16:27,688 INFO o.s.d.r.c.RepositoryConfigurationDelegate [restartedMain] Finished Spring Data repository scanning in 8 ms. Found 7 JPA repository interfaces.
2025-06-17 12:16:27,786 INFO o.s.b.w.e.t.TomcatWebServer [restartedMain] Tomcat initialized with port 8080 (http)
2025-06-17 12:16:27,786 INFO o.a.j.l.DirectJDKLog [restartedMain] Initializing ProtocolHandler ["http-nio-8080"]
2025-06-17 12:16:27,786 INFO o.a.j.l.DirectJDKLog [restartedMain] Starting service [Tomcat]
2025-06-17 12:16:27,786 INFO o.a.j.l.DirectJDKLog [restartedMain] Starting Servlet engine: [Apache Tomcat/10.1.40]
2025-06-17 12:16:27,791 INFO o.a.j.l.DirectJDKLog [restartedMain] Initializing Spring embedded WebApplicationContext
2025-06-17 12:16:27,791 INFO o.s.b.w.s.c.ServletWebServerApplicationContext [restartedMain] Root WebApplicationContext: initialization completed in 211 ms
2025-06-17 12:16:27,823 INFO o.h.j.i.u.LogHelper [restartedMain] HHH000204: Processing PersistenceUnitInfo [name: default]
2025-06-17 12:16:27,825 INFO o.h.c.i.RegionFactoryInitiator [restartedMain] HHH000026: Second-level cache disabled
2025-06-17 12:16:27,830 INFO o.s.o.j.p.SpringPersistenceUnitInfo [restartedMain] No LoadTimeWeaver setup: ignoring JPA class transformer
2025-06-17 12:16:27,831 INFO c.z.h.HikariDataSource [restartedMain] HikariPool-2 - Starting...
2025-06-17 12:16:27,836 INFO c.z.h.p.HikariPool [restartedMain] HikariPool-2 - Added connection conn10: url=jdbc:h2:file:/Userdisk/personal_git/HOME_SERVICES/HomeServices/src/main/resources/homeservices_db user=ROOT
2025-06-17 12:16:27,837 INFO c.z.h.HikariDataSource [restartedMain] HikariPool-2 - Start completed.
2025-06-17 12:16:27,838 WARN o.h.e.j.d.i.DialectFactoryImpl [restartedMain] HHH90000025: H2Dialect does not need to be specified explicitly using 'hibernate.dialect' (remove the property setting and it will be selected by default)
2025-06-17 12:16:27,838 INFO o.h.e.j.e.i.JdbcEnvironmentInitiator [restartedMain] HHH10001005: Database info:
	Database JDBC URL [Connecting through datasource 'HikariDataSource (HikariPool-2)']
	Database driver: undefined/unknown
	Database version: 2.3.232
	Autocommit mode: undefined/unknown
	Isolation level: undefined/unknown
	Minimum pool size: undefined/unknown
	Maximum pool size: undefined/unknown
2025-06-17 12:16:27,926 INFO o.h.e.t.j.p.i.JtaPlatformInitiator [restartedMain] HHH000489: No JTA platform available (set 'hibernate.transaction.jta.platform' to enable JTA platform integration)
2025-06-17 12:16:27,929 INFO o.s.o.j.AbstractEntityManagerFactoryBean [restartedMain] Initialized JPA EntityManagerFactory for persistence unit 'default'
2025-06-17 12:16:28,057 INFO o.s.s.c.a.a.c.InitializeAuthenticationProviderBeanManagerConfigurer$InitializeAuthenticationProviderManagerConfigurer [restartedMain] Global AuthenticationManager configured with AuthenticationProvider bean with name authenticationProvider
2025-06-17 12:16:28,058 WARN o.s.s.c.a.a.c.InitializeUserDetailsBeanManagerConfigurer$InitializeUserDetailsManagerConfigurer [restartedMain] Global AuthenticationManager configured with an AuthenticationProvider bean. UserDetailsService beans will not be used by Spring Security for automatically configuring username/password login. Consider removing the AuthenticationProvider bean. Alternatively, consider using the UserDetailsService in a manually instantiated DaoAuthenticationProvider. If the current configuration is intentional, to turn off this warning, increase the logging level of 'org.springframework.security.config.annotation.authentication.configuration.InitializeUserDetailsBeanManagerConfigurer' to ERROR
2025-06-17 12:16:28,106 WARN o.s.b.a.o.j.JpaBaseConfiguration$JpaWebConfiguration [restartedMain] spring.jpa.open-in-view is enabled by default. Therefore, database queries may be performed during view rendering. Explicitly configure spring.jpa.open-in-view to disable this warning
2025-06-17 12:16:28,282 INFO o.s.b.a.h.H2ConsoleAutoConfiguration$H2ConsoleLogger [restartedMain] H2 console available at '/h2-console'. Database available at 'jdbc:h2:file:/Userdisk/personal_git/HOME_SERVICES/HomeServices/src/main/resources/homeservices_db'
2025-06-17 12:16:28,297 WARN o.s.s.c.a.w.b.WebSecurity [restartedMain] You are asking Spring Security to ignore Ant [pattern='/h2-console/**']. This is not recommended -- please use permitAll via HttpSecurity#authorizeHttpRequests instead.
2025-06-17 12:16:28,314 INFO o.s.b.d.a.OptionalLiveReloadServer [restartedMain] LiveReload server is running on port 35729
2025-06-17 12:16:28,323 INFO o.a.j.l.DirectJDKLog [restartedMain] Starting ProtocolHandler ["http-nio-8080"]
2025-06-17 12:16:28,325 INFO o.s.b.w.e.t.TomcatWebServer [restartedMain] Tomcat started on port 8080 (http) with context path '/'
2025-06-17 12:16:28,330 INFO o.s.b.StartupInfoLogger [restartedMain] Started HomeServicesApplication in 0.781 seconds (process running for 60.527)
2025-06-17 12:16:28,340 INFO o.s.b.d.a.ConditionEvaluationDeltaLoggingListener [restartedMain] Condition evaluation unchanged
2025-06-17 12:16:42,823 INFO o.s.b.a.SpringApplicationAdminMXBeanRegistrar$SpringApplicationAdmin [RMI TCP Connection(13)-127.0.0.1] Application shutdown requested.
2025-06-17 12:16:42,825 INFO o.s.b.w.e.t.GracefulShutdown [RMI TCP Connection(13)-127.0.0.1] Commencing graceful shutdown. Waiting for active requests to complete
2025-06-17 12:16:42,826 INFO o.a.j.l.DirectJDKLog [tomcat-shutdown] Pausing ProtocolHandler ["http-nio-8080"]
2025-06-17 12:16:42,827 INFO o.s.b.w.e.t.GracefulShutdown [tomcat-shutdown] Graceful shutdown complete
2025-06-17 12:16:42,828 INFO o.a.j.l.DirectJDKLog [RMI TCP Connection(13)-127.0.0.1] Stopping ProtocolHandler ["http-nio-8080"]
2025-06-17 12:16:42,836 INFO o.s.o.j.AbstractEntityManagerFactoryBean [RMI TCP Connection(13)-127.0.0.1] Closing JPA EntityManagerFactory for persistence unit 'default'
2025-06-17 12:16:42,838 INFO c.z.h.HikariDataSource [RMI TCP Connection(13)-127.0.0.1] HikariPool-2 - Shutdown initiated...
2025-06-17 12:16:42,869 INFO c.z.h.HikariDataSource [RMI TCP Connection(13)-127.0.0.1] HikariPool-2 - Shutdown completed.
